Using pre-set license
Built from '2020.3/staging' branch; Version is '2020.3.26f1 (7298b473bc1a) revision 7510196'; Using compiler version '192528614'; Build Type 'Release'
OS: 'Windows 10  (10.0.19044) 64bit Professional' Language: 'ru' Physical Memory: 7613 MB
BatchMode: 1, IsHumanControllingUs: 0, StartBugReporterOnCrash: 0, Is64bit: 1, IsPro: 0

COMMAND LINE ARGUMENTS:
C:\Program Files\Unity\Hub\Editor\2020.3.26f1\Editor\Unity.exe
-adb2
-batchMode
-noUpm
-name
AssetImportWorker0
-projectPath
C:/Users/Den/SkillBox_Billiard
-logFile
Logs/AssetImportWorker0.log
-srvPort
51864
Successfully changed project path to: C:/Users/Den/SkillBox_Billiard
C:/Users/Den/SkillBox_Billiard
Using Asset Import Pipeline V2.
Refreshing native plugins compatible for Editor in 51.36 ms, found 2 plugins.
Preloading 0 native plugins for Editor in 0.00 ms.
Initialize engine version: 2020.3.26f1 (7298b473bc1a)
[Subsystems] Discovering subsystems at path C:/Program Files/Unity/Hub/Editor/2020.3.26f1/Editor/Data/Resources/UnitySubsystems
[Subsystems] Discovering subsystems at path C:/Users/Den/SkillBox_Billiard/Assets
GfxDevice: creating device client; threaded=0
Direct3D:
    Version:  Direct3D 11.0 [level 11.1]
    Renderer: NVIDIA GeForce GTX 1650 (ID=0x1f91)
    Vendor:   
    VRAM:     3962 MB
    Driver:   30.0.15.1165
Initialize mono
Mono path[0] = 'C:/Program Files/Unity/Hub/Editor/2020.3.26f1/Editor/Data/Managed'
Mono path[1] = 'C:/Program Files/Unity/Hub/Editor/2020.3.26f1/Editor/Data/MonoBleedingEdge/lib/mono/unityjit'
Mono config path = 'C:/Program Files/Unity/Hub/Editor/2020.3.26f1/Editor/Data/MonoBleedingEdge/etc'
Using monoOptions --debugger-agent=transport=dt_socket,embedding=1,server=y,suspend=n,address=127.0.0.1:56548
Begin MonoManager ReloadAssembly
Registering precompiled unity dll's ...
Register platform support module: C:/Program Files/Unity/Hub/Editor/2020.3.26f1/Editor/Data/PlaybackEngines/WebGLSupport/UnityEditor.WebGL.Extensions.dll
Register platform support module: C:/Program Files/Unity/Hub/Editor/2020.3.26f1/Editor/Data/PlaybackEngines/WindowsStandaloneSupport/UnityEditor.WindowsStandalone.Extensions.dll
Registered in 0.002367 seconds.
Native extension for WindowsStandalone target not found
Native extension for WebGL target not found
Refreshing native plugins compatible for Editor in 36.65 ms, found 2 plugins.
Preloading 0 native plugins for Editor in 0.00 ms.
Mono: successfully reloaded assembly
- Completed reload, in  0.752 seconds
Domain Reload Profiling:
	ReloadAssembly (752ms)
		BeginReloadAssembly (75ms)
			ExecutionOrderSort (0ms)
			DisableScriptedObjects (0ms)
			BackupInstance (0ms)
			ReleaseScriptingObjects (0ms)
			CreateAndSetChildDomain (1ms)
		EndReloadAssembly (589ms)
			LoadAssemblies (75ms)
			RebuildTransferFunctionScriptingTraits (0ms)
			SetupTypeCache (203ms)
			ReleaseScriptCaches (0ms)
			RebuildScriptCaches (36ms)
			SetupLoadedEditorAssemblies (228ms)
				LogAssemblyErrors (0ms)
				InitializePlatformSupportModulesInManaged (7ms)
				SetLoadedEditorAssemblies (0ms)
				RefreshPlugins (37ms)
				BeforeProcessingInitializeOnLoad (21ms)
				ProcessInitializeOnLoadAttributes (122ms)
				ProcessInitializeOnLoadMethodAttributes (42ms)
				AfterProcessingInitializeOnLoad (0ms)
				EditorAssembliesLoaded (0ms)
			ExecutionOrderSort2 (0ms)
			AwakeInstancesAfterBackupRestoration (0ms)
Platform modules already initialized, skipping
Registering precompiled user dll's ...
Registered in 0.005753 seconds.
Begin MonoManager ReloadAssembly
Native extension for WindowsStandalone target not found
Native extension for WebGL target not found
Refreshing native plugins compatible for Editor in 0.48 ms, found 2 plugins.
Preloading 0 native plugins for Editor in 0.00 ms.
Mono: successfully reloaded assembly
- Completed reload, in  1.428 seconds
Domain Reload Profiling:
	ReloadAssembly (1429ms)
		BeginReloadAssembly (225ms)
			ExecutionOrderSort (0ms)
			DisableScriptedObjects (7ms)
			BackupInstance (0ms)
			ReleaseScriptingObjects (0ms)
			CreateAndSetChildDomain (27ms)
		EndReloadAssembly (1122ms)
			LoadAssemblies (142ms)
			RebuildTransferFunctionScriptingTraits (0ms)
			SetupTypeCache (407ms)
			ReleaseScriptCaches (1ms)
			RebuildScriptCaches (60ms)
			SetupLoadedEditorAssemblies (414ms)
				LogAssemblyErrors (0ms)
				InitializePlatformSupportModulesInManaged (8ms)
				SetLoadedEditorAssemblies (1ms)
				RefreshPlugins (1ms)
				BeforeProcessingInitializeOnLoad (105ms)
				ProcessInitializeOnLoadAttributes (282ms)
				ProcessInitializeOnLoadMethodAttributes (13ms)
				AfterProcessingInitializeOnLoad (4ms)
				EditorAssembliesLoaded (0ms)
			ExecutionOrderSort2 (0ms)
			AwakeInstancesAfterBackupRestoration (9ms)
Platform modules already initialized, skipping
========================================================================
Worker process is ready to serve import requests
Launched and connected shader compiler UnityShaderCompiler.exe after 0.06 seconds
Refreshing native plugins compatible for Editor in 0.85 ms, found 2 plugins.
Preloading 0 native plugins for Editor in 0.00 ms.
Unloading 1503 Unused Serialized files (Serialized files now loaded: 0)
System memory in use before: 68.6 MB.
System memory in use after: 68.7 MB.

Unloading 19 unused Assets to reduce memory usage. Loaded Objects now: 1935.
Total: 5.075100 ms (FindLiveObjects: 0.201700 ms CreateObjectMapping: 0.055800 ms MarkObjects: 4.684800 ms  DeleteObjects: 0.130300 ms)

AssetImportParameters requested are different than current active one (requested -> active):
  custom:framework-win-MediaFoundation: 216162199b28c13a410421893ffa2e32 -> 
  custom:video-decoder-ogg-theora: a1e56fd34408186e4bbccfd4996cb3dc -> 
  custom:container-muxer-webm: aa71ff27fc2769a1b78a27578f13a17b -> 
  custom:container-demuxer-webm: 4f35f7cbe854078d1ac9338744f61a02 -> 
  custom:container-demuxer-ogg: 62fdf1f143b41e24485cea50d1cbac27 -> 
  custom:video-encoder-webm-vp8: eb34c28f22e8b96e1ab97ce403110664 -> 
  custom:video-decoder-webm-vp8: 9c59270c3fd7afecdb556c50c9e8de78 -> 
  custom:audio-decoder-ogg-vorbis: bf7c407c2cedff20999df2af8eb42d56 -> 
  custom:audio-encoder-webm-vorbis: bf7c407c2cedff20999df2af8eb42d56 -> 
========================================================================
Received Import Request.
  path: Assets/BarcadeGamesAssetPack/Models/FBX/Ball.fbx
  artifactKey: Guid(cdac80e1dd15a450f93408e7aa5be2f7) Importer(815301076,1909f56bfc062723c751e8b465ee728b)
Start importing Assets/BarcadeGamesAssetPack/Models/FBX/Ball.fbx using Guid(cdac80e1dd15a450f93408e7aa5be2f7) Importer(815301076,1909f56bfc062723c751e8b465ee728b)  -> (artifact id: '82d7a032a1566e1c37b48c093534b303') in 0.220877 seconds 
  Import took 0.225366 seconds .

========================================================================
Received Import Request.
  Time since last request: 6.771049 seconds.
  path: Assets/BarcadeGamesAssetPack/Models/FBX/Ball.fbx
  artifactKey: Guid(cdac80e1dd15a450f93408e7aa5be2f7) Importer(815301076,1909f56bfc062723c751e8b465ee728b)
Start importing Assets/BarcadeGamesAssetPack/Models/FBX/Ball.fbx using Guid(cdac80e1dd15a450f93408e7aa5be2f7) Importer(815301076,1909f56bfc062723c751e8b465ee728b)  -> (artifact id: '362f2af82a9d367664e63021693f511b') in 0.078110 seconds 
  Import took 0.082463 seconds .

========================================================================
Received Import Request.
  Time since last request: 151.876515 seconds.
  path: Assets/BarcadeGamesAssetPack/Materials/PoolBallsMaps
  artifactKey: Guid(822b9b1099840430dad8322490e8aba9) Importer(815301076,1909f56bfc062723c751e8b465ee728b)
Start importing Assets/BarcadeGamesAssetPack/Materials/PoolBallsMaps using Guid(822b9b1099840430dad8322490e8aba9) Importer(815301076,1909f56bfc062723c751e8b465ee728b)  -> (artifact id: 'b2cc76ea7d2c3f698b76321583f28433') in 0.005808 seconds 
  Import took 0.009943 seconds .

========================================================================
Received Import Request.
  Time since last request: 0.072398 seconds.
  path: Assets/BarcadeGamesAssetPack/Materials/PoolBallsMaps/1and9.mat
  artifactKey: Guid(4f7583ddc8d9943a988dc54c249dad31) Importer(815301076,1909f56bfc062723c751e8b465ee728b)
Start importing Assets/BarcadeGamesAssetPack/Materials/PoolBallsMaps/1and9.mat using Guid(4f7583ddc8d9943a988dc54c249dad31) Importer(815301076,1909f56bfc062723c751e8b465ee728b)  -> (artifact id: '5d0133c878143833c8046c80c474b8c3') in 0.019389 seconds 
  Import took 0.024131 seconds .

========================================================================
Received Import Request.
  Time since last request: 0.000352 seconds.
  path: Assets/BarcadeGamesAssetPack/Materials/PoolBallsMaps/3and11.mat
  artifactKey: Guid(180d9ebb222f546c689d7bf08e65b1d9) Importer(815301076,1909f56bfc062723c751e8b465ee728b)
Start importing Assets/BarcadeGamesAssetPack/Materials/PoolBallsMaps/3and11.mat using Guid(180d9ebb222f546c689d7bf08e65b1d9) Importer(815301076,1909f56bfc062723c751e8b465ee728b)  -> (artifact id: 'e9cd183f7b10cc56f01112ffbeff88a2') in 0.028988 seconds 
  Import took 0.032597 seconds .

========================================================================
Received Import Request.
  Time since last request: 0.000261 seconds.
  path: Assets/BarcadeGamesAssetPack/Materials/PoolBallsMaps/1Ball.mat
  artifactKey: Guid(7cc4df7b042c14814acf7e96913041da) Importer(815301076,1909f56bfc062723c751e8b465ee728b)
Start importing Assets/BarcadeGamesAssetPack/Materials/PoolBallsMaps/1Ball.mat using Guid(7cc4df7b042c14814acf7e96913041da) Importer(815301076,1909f56bfc062723c751e8b465ee728b)  -> (artifact id: 'bfa9233753b3abb228ac88223493bef8') in 0.018415 seconds 
  Import took 0.022937 seconds .

========================================================================
Received Import Request.
  Time since last request: 0.000351 seconds.
  path: Assets/BarcadeGamesAssetPack/Materials/PoolBallsMaps/7ball.mat
  artifactKey: Guid(e9be5d705e1994eeda23b750d05e8a08) Importer(815301076,1909f56bfc062723c751e8b465ee728b)
Start importing Assets/BarcadeGamesAssetPack/Materials/PoolBallsMaps/7ball.mat using Guid(e9be5d705e1994eeda23b750d05e8a08) Importer(815301076,1909f56bfc062723c751e8b465ee728b)  -> (artifact id: '9b51ce1f4f1b0066cb401a7fce648c6c') in 0.032819 seconds 
  Import took 0.038155 seconds .

========================================================================
Received Import Request.
  Time since last request: 0.000274 seconds.
  path: Assets/BarcadeGamesAssetPack/Materials/PoolBallsMaps/2Ball.mat
  artifactKey: Guid(c2b3f126069ea4aa5a797bc67012b45f) Importer(815301076,1909f56bfc062723c751e8b465ee728b)
Start importing Assets/BarcadeGamesAssetPack/Materials/PoolBallsMaps/2Ball.mat using Guid(c2b3f126069ea4aa5a797bc67012b45f) Importer(815301076,1909f56bfc062723c751e8b465ee728b)  -> (artifact id: '12a6ffdcadff76e6cf1b3215b02f525f') in 0.032860 seconds 
  Import took 0.037407 seconds .

========================================================================
Received Import Request.
  Time since last request: 0.000329 seconds.
  path: Assets/BarcadeGamesAssetPack/Materials/PoolBallsMaps/3ball.mat
  artifactKey: Guid(7514ae2118ccf4ff8addad368a03b6b3) Importer(815301076,1909f56bfc062723c751e8b465ee728b)
Start importing Assets/BarcadeGamesAssetPack/Materials/PoolBallsMaps/3ball.mat using Guid(7514ae2118ccf4ff8addad368a03b6b3) Importer(815301076,1909f56bfc062723c751e8b465ee728b)  -> (artifact id: '9d5b37c52ce1f923ffe9af64233620a5') in 0.017444 seconds 
  Import took 0.021796 seconds .

========================================================================
Received Import Request.
  Time since last request: 0.000248 seconds.
  path: Assets/BarcadeGamesAssetPack/Materials/PoolBallsMaps/7and15.mat
  artifactKey: Guid(ae82e072d568348a494ab59a742af7f7) Importer(815301076,1909f56bfc062723c751e8b465ee728b)
Start importing Assets/BarcadeGamesAssetPack/Materials/PoolBallsMaps/7and15.mat using Guid(ae82e072d568348a494ab59a742af7f7) Importer(815301076,1909f56bfc062723c751e8b465ee728b)  -> (artifact id: 'b9dab183589abbbcf2cc6538842dfb35') in 0.017947 seconds 
  Import took 0.022064 seconds .

========================================================================
Received Import Request.
  Time since last request: 0.000320 seconds.
  path: Assets/BarcadeGamesAssetPack/Materials/PoolBallsMaps/5and13.mat
  artifactKey: Guid(a8df5d140484d45bd92b499115a8167d) Importer(815301076,1909f56bfc062723c751e8b465ee728b)
Start importing Assets/BarcadeGamesAssetPack/Materials/PoolBallsMaps/5and13.mat using Guid(a8df5d140484d45bd92b499115a8167d) Importer(815301076,1909f56bfc062723c751e8b465ee728b)  -> (artifact id: '579761cd3de8b5a77acfdc3150c0fab6') in 0.022538 seconds 
  Import took 0.027570 seconds .

========================================================================
Received Import Request.
  Time since last request: 0.000280 seconds.
  path: Assets/BarcadeGamesAssetPack/Materials/PoolBallsMaps/4and12.mat
  artifactKey: Guid(b0078784e122d434c82380c9329d0c59) Importer(815301076,1909f56bfc062723c751e8b465ee728b)
Start importing Assets/BarcadeGamesAssetPack/Materials/PoolBallsMaps/4and12.mat using Guid(b0078784e122d434c82380c9329d0c59) Importer(815301076,1909f56bfc062723c751e8b465ee728b)  -> (artifact id: '61e5ff875b4b91dc5a73f3606502a58d') in 0.014804 seconds 
  Import took 0.020626 seconds .

========================================================================
Received Import Request.
  Time since last request: 0.000261 seconds.
  path: Assets/BarcadeGamesAssetPack/Materials/PoolBallsMaps/6ball.mat
  artifactKey: Guid(704c0151cf1bd4d2db3affa08fceeed4) Importer(815301076,1909f56bfc062723c751e8b465ee728b)
Start importing Assets/BarcadeGamesAssetPack/Materials/PoolBallsMaps/6ball.mat using Guid(704c0151cf1bd4d2db3affa08fceeed4) Importer(815301076,1909f56bfc062723c751e8b465ee728b)  -> (artifact id: '9c927d0949ea8d8ba4821d9ad22f44a2') in 0.018829 seconds 
  Import took 0.023104 seconds .

========================================================================
Received Import Request.
  Time since last request: 0.000298 seconds.
  path: Assets/BarcadeGamesAssetPack/Materials/PoolBallsMaps/4ball.mat
  artifactKey: Guid(010a40ebf1fe8472eb24c1c9a80b88c7) Importer(815301076,1909f56bfc062723c751e8b465ee728b)
Start importing Assets/BarcadeGamesAssetPack/Materials/PoolBallsMaps/4ball.mat using Guid(010a40ebf1fe8472eb24c1c9a80b88c7) Importer(815301076,1909f56bfc062723c751e8b465ee728b)  -> (artifact id: '43610cb1b5fcd01a47c96a40cb851feb') in 0.017996 seconds 
  Import took 0.022053 seconds .

========================================================================
Received Import Request.
  Time since last request: 0.000338 seconds.
  path: Assets/BarcadeGamesAssetPack/Materials/PoolBallsMaps/2and10.mat
  artifactKey: Guid(f914b3e22a63b40e6904f11f67ad68f3) Importer(815301076,1909f56bfc062723c751e8b465ee728b)
Start importing Assets/BarcadeGamesAssetPack/Materials/PoolBallsMaps/2and10.mat using Guid(f914b3e22a63b40e6904f11f67ad68f3) Importer(815301076,1909f56bfc062723c751e8b465ee728b)  -> (artifact id: '2628eac0317ea29d77704baedd874360') in 0.015490 seconds 
  Import took 0.019879 seconds .

========================================================================
Received Import Request.
  Time since last request: 0.000309 seconds.
  path: Assets/BarcadeGamesAssetPack/Materials/PoolBallsMaps/8ball.mat
  artifactKey: Guid(1f849e0de60a44211ac51cb2fac77ddf) Importer(815301076,1909f56bfc062723c751e8b465ee728b)
Start importing Assets/BarcadeGamesAssetPack/Materials/PoolBallsMaps/8ball.mat using Guid(1f849e0de60a44211ac51cb2fac77ddf) Importer(815301076,1909f56bfc062723c751e8b465ee728b)  -> (artifact id: 'b7d6bf36cbaf1b34c566ce1264674d89') in 0.017887 seconds 
  Import took 0.022121 seconds .

========================================================================
Received Import Request.
  Time since last request: 0.000494 seconds.
  path: Assets/BarcadeGamesAssetPack/Materials/PoolBallsMaps/5ball.mat
  artifactKey: Guid(ce34ac83d962243299d0f8ae1770f210) Importer(815301076,1909f56bfc062723c751e8b465ee728b)
Start importing Assets/BarcadeGamesAssetPack/Materials/PoolBallsMaps/5ball.mat using Guid(ce34ac83d962243299d0f8ae1770f210) Importer(815301076,1909f56bfc062723c751e8b465ee728b)  -> (artifact id: '89682f26d05312d9a746a2a44dfa5d79') in 0.018951 seconds 
  Import took 0.023383 seconds .

========================================================================
Received Import Request.
  Time since last request: 0.000464 seconds.
  path: Assets/BarcadeGamesAssetPack/Materials/PoolBallsMaps/6and14.mat
  artifactKey: Guid(b853b9ac12602440ab4fa922109e1f4a) Importer(815301076,1909f56bfc062723c751e8b465ee728b)
Start importing Assets/BarcadeGamesAssetPack/Materials/PoolBallsMaps/6and14.mat using Guid(b853b9ac12602440ab4fa922109e1f4a) Importer(815301076,1909f56bfc062723c751e8b465ee728b)  -> (artifact id: 'dccafe6063575a2f5083faecb40920b7') in 0.014990 seconds 
  Import took 0.019759 seconds .

========================================================================
Received Prepare
Registering precompiled user dll's ...
Registered in 0.005720 seconds.
Begin MonoManager ReloadAssembly
Native extension for WindowsStandalone target not found
Native extension for WebGL target not found
Refreshing native plugins compatible for Editor in 0.64 ms, found 2 plugins.
Preloading 0 native plugins for Editor in 0.00 ms.
Mono: successfully reloaded assembly
- Completed reload, in  1.196 seconds
Domain Reload Profiling:
	ReloadAssembly (1197ms)
		BeginReloadAssembly (151ms)
			ExecutionOrderSort (0ms)
			DisableScriptedObjects (6ms)
			BackupInstance (0ms)
			ReleaseScriptingObjects (0ms)
			CreateAndSetChildDomain (41ms)
		EndReloadAssembly (965ms)
			LoadAssemblies (122ms)
			RebuildTransferFunctionScriptingTraits (0ms)
			SetupTypeCache (352ms)
			ReleaseScriptCaches (1ms)
			RebuildScriptCaches (46ms)
			SetupLoadedEditorAssemblies (342ms)
				LogAssemblyErrors (0ms)
				InitializePlatformSupportModulesInManaged (7ms)
				SetLoadedEditorAssemblies (1ms)
				RefreshPlugins (1ms)
				BeforeProcessingInitializeOnLoad (85ms)
				ProcessInitializeOnLoadAttributes (235ms)
				ProcessInitializeOnLoadMethodAttributes (10ms)
				AfterProcessingInitializeOnLoad (4ms)
				EditorAssembliesLoaded (0ms)
			ExecutionOrderSort2 (0ms)
			AwakeInstancesAfterBackupRestoration (9ms)
Platform modules already initialized, skipping
Refreshing native plugins compatible for Editor in 0.54 ms, found 2 plugins.
Preloading 0 native plugins for Editor in 0.00 ms.
Unloading 1497 Unused Serialized files (Serialized files now loaded: 0)
System memory in use before: 72.0 MB.
System memory in use after: 72.1 MB.

Unloading 14 unused Assets to reduce memory usage. Loaded Objects now: 1980.
Total: 3.440100 ms (FindLiveObjects: 0.223700 ms CreateObjectMapping: 0.046000 ms MarkObjects: 3.141900 ms  DeleteObjects: 0.026700 ms)

AssetImportParameters requested are different than current active one (requested -> active):
  custom:framework-win-MediaFoundation: 216162199b28c13a410421893ffa2e32 -> 
  custom:video-decoder-ogg-theora: a1e56fd34408186e4bbccfd4996cb3dc -> 
  custom:container-muxer-webm: aa71ff27fc2769a1b78a27578f13a17b -> 
  custom:container-demuxer-webm: 4f35f7cbe854078d1ac9338744f61a02 -> 
  custom:container-demuxer-ogg: 62fdf1f143b41e24485cea50d1cbac27 -> 
  custom:video-encoder-webm-vp8: eb34c28f22e8b96e1ab97ce403110664 -> 
  custom:video-decoder-webm-vp8: 9c59270c3fd7afecdb556c50c9e8de78 -> 
  custom:audio-decoder-ogg-vorbis: bf7c407c2cedff20999df2af8eb42d56 -> 
  custom:audio-encoder-webm-vorbis: bf7c407c2cedff20999df2af8eb42d56 -> 
========================================================================
Received Import Request.
  Time since last request: 41.527797 seconds.
  path: Assets/BarcadeGamesAssetPack/Models/FBX/BilliardsTable.fbx
  artifactKey: Guid(b670f9e3fd3f6422e9d3de4feab83eb8) Importer(815301076,1909f56bfc062723c751e8b465ee728b)
Start importing Assets/BarcadeGamesAssetPack/Models/FBX/BilliardsTable.fbx using Guid(b670f9e3fd3f6422e9d3de4feab83eb8) Importer(815301076,1909f56bfc062723c751e8b465ee728b)  -> (artifact id: '46dc56a72a78e440840df5cd48cf67b3') in 0.136898 seconds 
  Import took 0.140770 seconds .

========================================================================
Received Prepare
Registering precompiled user dll's ...
Registered in 0.004718 seconds.
Begin MonoManager ReloadAssembly
Native extension for WindowsStandalone target not found
Native extension for WebGL target not found
Refreshing native plugins compatible for Editor in 0.43 ms, found 2 plugins.
Preloading 0 native plugins for Editor in 0.00 ms.
Mono: successfully reloaded assembly
- Completed reload, in  1.201 seconds
Domain Reload Profiling:
	ReloadAssembly (1202ms)
		BeginReloadAssembly (146ms)
			ExecutionOrderSort (0ms)
			DisableScriptedObjects (6ms)
			BackupInstance (0ms)
			ReleaseScriptingObjects (0ms)
			CreateAndSetChildDomain (42ms)
		EndReloadAssembly (977ms)
			LoadAssemblies (123ms)
			RebuildTransferFunctionScriptingTraits (0ms)
			SetupTypeCache (374ms)
			ReleaseScriptCaches (1ms)
			RebuildScriptCaches (42ms)
			SetupLoadedEditorAssemblies (339ms)
				LogAssemblyErrors (0ms)
				InitializePlatformSupportModulesInManaged (6ms)
				SetLoadedEditorAssemblies (1ms)
				RefreshPlugins (1ms)
				BeforeProcessingInitializeOnLoad (88ms)
				ProcessInitializeOnLoadAttributes (229ms)
				ProcessInitializeOnLoadMethodAttributes (10ms)
				AfterProcessingInitializeOnLoad (4ms)
				EditorAssembliesLoaded (0ms)
			ExecutionOrderSort2 (0ms)
			AwakeInstancesAfterBackupRestoration (8ms)
Platform modules already initialized, skipping
Refreshing native plugins compatible for Editor in 0.44 ms, found 2 plugins.
Preloading 0 native plugins for Editor in 0.00 ms.
Unloading 1497 Unused Serialized files (Serialized files now loaded: 0)
System memory in use before: 72.0 MB.
System memory in use after: 72.1 MB.

Unloading 14 unused Assets to reduce memory usage. Loaded Objects now: 1983.
Total: 3.853200 ms (FindLiveObjects: 0.252100 ms CreateObjectMapping: 0.048700 ms MarkObjects: 3.528900 ms  DeleteObjects: 0.021400 ms)

AssetImportParameters requested are different than current active one (requested -> active):
  custom:framework-win-MediaFoundation: 216162199b28c13a410421893ffa2e32 -> 
  custom:video-decoder-ogg-theora: a1e56fd34408186e4bbccfd4996cb3dc -> 
  custom:container-muxer-webm: aa71ff27fc2769a1b78a27578f13a17b -> 
  custom:container-demuxer-webm: 4f35f7cbe854078d1ac9338744f61a02 -> 
  custom:container-demuxer-ogg: 62fdf1f143b41e24485cea50d1cbac27 -> 
  custom:video-encoder-webm-vp8: eb34c28f22e8b96e1ab97ce403110664 -> 
  custom:video-decoder-webm-vp8: 9c59270c3fd7afecdb556c50c9e8de78 -> 
  custom:audio-decoder-ogg-vorbis: bf7c407c2cedff20999df2af8eb42d56 -> 
  custom:audio-encoder-webm-vorbis: bf7c407c2cedff20999df2af8eb42d56 -> 
AssetImportWorkerClient::OnTransportError - code=2 error=End of file
